
*** Running vivado
    with args -log top.vds -m64 -product Vivado -mode batch -messageDb vivado.pb -notrace -source top.tcl



****** Vivado v2022.2 (64-bit)
  **** SW Build 3671981 on Fri Oct 14 05:00:03 MDT 2022
  **** IP Build 3669848 on Fri Oct 14 08:30:02 MDT 2022
    ** Copyright 1986-2022 Xilinx, Inc. All Rights Reserved.

source top.tcl -notrace
create_project: Time (s): cpu = 00:00:05 ; elapsed = 00:00:06 . Memory (MB): peak = 395.598 ; gain = 69.984
Command: read_checkpoint -auto_incremental -incremental D:/Xilinx/DS/DS_TeamProject2023/TeamProject/2023TeamProject.srcs/utils_1/imports/synth_1/top.dcp
INFO: [Vivado 12-5825] Read reference checkpoint from D:/Xilinx/DS/DS_TeamProject2023/TeamProject/2023TeamProject.srcs/utils_1/imports/synth_1/top.dcp for incremental synthesis
INFO: [Vivado 12-7989] Please ensure there are no constraint changes
Command: synth_design -top top -part xc7z020clg484-1
Starting synth_design
Attempting to get a license for feature 'Synthesis' and/or device 'xc7z020'
INFO: [Common 17-349] Got license for feature 'Synthesis' and/or device 'xc7z020'
INFO: [Device 21-403] Loading part xc7z020clg484-1
INFO: [Designutils 20-5440] No compile time benefit to using incremental synthesis; A full resynthesis will be run
INFO: [Designutils 20-4379] Flow is switching to default flow due to incremental criteria not met. If you would like to alter this behaviour and have the flow terminate instead, please set the following parameter config_implementation {autoIncr.Synth.RejectBehavior Terminate}
INFO: [Synth 8-7079] Multithreading enabled for synth_design using a maximum of 2 processes.
INFO: [Synth 8-7078] Launching helper process for spawning children vivado processes
INFO: [Synth 8-7075] Helper process launched with PID 4936
INFO: [Synth 8-11241] undeclared symbol 'REGCCE', assumed default net type 'wire' [D:/Xilinx/Vivado/2022.2/data/verilog/src/unimacro/BRAM_SINGLE_MACRO.v:2170]
---------------------------------------------------------------------------------
Starting RTL Elaboration : Time (s): cpu = 00:00:06 ; elapsed = 00:00:07 . Memory (MB): peak = 1245.430 ; gain = 408.445
---------------------------------------------------------------------------------
INFO: [Synth 8-6157] synthesizing module 'top' [D:/Xilinx/DS/DS_TeamProject2023/TeamProject/2023TeamProject.srcs/sources_1/new/top.v:3]
INFO: [Synth 8-6157] synthesizing module 'clk_wiz_0' [D:/Xilinx/DS/DS_TeamProject2023/TeamProject/2023TeamProject.runs/synth_1/.Xil/Vivado-11624-Rhaudtjd-MSI-GE63VR-7RE/realtime/clk_wiz_0_stub.v:5]
INFO: [Synth 8-6155] done synthesizing module 'clk_wiz_0' (0#1) [D:/Xilinx/DS/DS_TeamProject2023/TeamProject/2023TeamProject.runs/synth_1/.Xil/Vivado-11624-Rhaudtjd-MSI-GE63VR-7RE/realtime/clk_wiz_0_stub.v:5]
INFO: [Synth 8-6157] synthesizing module 'keypad' [D:/Xilinx/DS/DS_TeamProject2023/TeamProject/2023TeamProject.srcs/sources_1/new/keypad.v:3]
	Parameter CLK_KHZ bound to: 25175 - type: integer 
INFO: [Synth 8-6155] done synthesizing module 'keypad' (0#1) [D:/Xilinx/DS/DS_TeamProject2023/TeamProject/2023TeamProject.srcs/sources_1/new/keypad.v:3]
INFO: [Synth 8-6157] synthesizing module 'debounce' [D:/Xilinx/DS/DS_TeamProject2023/TeamProject/2023TeamProject.srcs/sources_1/new/debounce.v:3]
	Parameter SIZE bound to: 16 - type: integer 
	Parameter BTN_WIDTH bound to: 5 - type: integer 
INFO: [Synth 8-6155] done synthesizing module 'debounce' (0#1) [D:/Xilinx/DS/DS_TeamProject2023/TeamProject/2023TeamProject.srcs/sources_1/new/debounce.v:3]
INFO: [Synth 8-6157] synthesizing module 'graph_mod' [D:/Xilinx/DS/DS_TeamProject2023/TeamProject/2023TeamProject.srcs/sources_1/new/graph_mod.v:3]
INFO: [Synth 8-226] default block is never used [D:/Xilinx/DS/DS_TeamProject2023/TeamProject/2023TeamProject.srcs/sources_1/new/graph_mod.v:269]
INFO: [Synth 8-638] synthesizing module 'font_rom_vhd' [D:/Xilinx/DS/DS_TeamProject2023/TeamProject/2023TeamProject.srcs/sources_1/new/font_rom.vhd:21]
INFO: [Synth 8-256] done synthesizing module 'font_rom_vhd' (0#1) [D:/Xilinx/DS/DS_TeamProject2023/TeamProject/2023TeamProject.srcs/sources_1/new/font_rom.vhd:21]
INFO: [Synth 8-6155] done synthesizing module 'graph_mod' (0#1) [D:/Xilinx/DS/DS_TeamProject2023/TeamProject/2023TeamProject.srcs/sources_1/new/graph_mod.v:3]
INFO: [Synth 8-6157] synthesizing module 'sync_mod' [D:/Xilinx/DS/DS_TeamProject2023/TeamProject/2023TeamProject.srcs/sources_1/new/sync_mod.v:3]
INFO: [Synth 8-6155] done synthesizing module 'sync_mod' (0#1) [D:/Xilinx/DS/DS_TeamProject2023/TeamProject/2023TeamProject.srcs/sources_1/new/sync_mod.v:3]
INFO: [Synth 8-6155] done synthesizing module 'top' (0#1) [D:/Xilinx/DS/DS_TeamProject2023/TeamProject/2023TeamProject.srcs/sources_1/new/top.v:3]
WARNING: [Synth 8-3848] Net miss_ball in module/entity graph_mod does not have driver. [D:/Xilinx/DS/DS_TeamProject2023/TeamProject/2023TeamProject.srcs/sources_1/new/graph_mod.v:113]
WARNING: [Synth 8-3848] Net reach_bar in module/entity graph_mod does not have driver. [D:/Xilinx/DS/DS_TeamProject2023/TeamProject/2023TeamProject.srcs/sources_1/new/graph_mod.v:113]
WARNING: [Synth 8-7129] Port clk in module font_rom_vhd is either unconnected or has no load
WARNING: [Synth 8-7129] Port key[3] in module graph_mod is either unconnected or has no load
WARNING: [Synth 8-7129] Port key[2] in module graph_mod is either unconnected or has no load
WARNING: [Synth 8-7129] Port key[1] in module graph_mod is either unconnected or has no load
WARNING: [Synth 8-7129] Port key[0] in module graph_mod is either unconnected or has no load
WARNING: [Synth 8-7129] Port key_pulse[4] in module graph_mod is either unconnected or has no load
WARNING: [Synth 8-7129] Port key_pulse[3] in module graph_mod is either unconnected or has no load
WARNING: [Synth 8-7129] Port key_pulse[2] in module graph_mod is either unconnected or has no load
WARNING: [Synth 8-7129] Port key_pulse[1] in module graph_mod is either unconnected or has no load
WARNING: [Synth 8-7129] Port key_pulse[0] in module graph_mod is either unconnected or has no load
WARNING: [Synth 8-7129] Port btn[1] in module top is either unconnected or has no load
WARNING: [Synth 8-7129] Port btn[0] in module top is either unconnected or has no load
---------------------------------------------------------------------------------
Finished RTL Elaboration : Time (s): cpu = 00:00:08 ; elapsed = 00:00:09 . Memory (MB): peak = 1346.723 ; gain = 509.738
---------------------------------------------------------------------------------
---------------------------------------------------------------------------------
Start Handling Custom Attributes
---------------------------------------------------------------------------------
---------------------------------------------------------------------------------
Finished Handling Custom Attributes : Time (s): cpu = 00:00:09 ; elapsed = 00:00:10 . Memory (MB): peak = 1346.723 ; gain = 509.738
---------------------------------------------------------------------------------
---------------------------------------------------------------------------------
Finished RTL Optimization Phase 1 : Time (s): cpu = 00:00:09 ; elapsed = 00:00:10 . Memory (MB): peak = 1346.723 ; gain = 509.738
---------------------------------------------------------------------------------
Netlist sorting complete. Time (s): cpu = 00:00:00 ; elapsed = 00:00:00.010 . Memory (MB): peak = 1346.723 ; gain = 0.000
INFO: [Project 1-570] Preparing netlist for logic optimization

Processing XDC Constraints
Initializing timing engine
Parsing XDC File [d:/Xilinx/DS/DS_TeamProject2023/TeamProject/2023TeamProject.gen/sources_1/ip/clk_wiz_0/clk_wiz_0/clk_wiz_0_in_context.xdc] for cell 'clk_inst'
Finished Parsing XDC File [d:/Xilinx/DS/DS_TeamProject2023/TeamProject/2023TeamProject.gen/sources_1/ip/clk_wiz_0/clk_wiz_0/clk_wiz_0_in_context.xdc] for cell 'clk_inst'
Parsing XDC File [D:/Xilinx/DS/DS_TeamProject2023/TeamProject/2023TeamProject.srcs/constrs_1/new/top.xdc]
Finished Parsing XDC File [D:/Xilinx/DS/DS_TeamProject2023/TeamProject/2023TeamProject.srcs/constrs_1/new/top.xdc]
INFO: [Project 1-236] Implementation specific constraints were found while reading constraint file [D:/Xilinx/DS/DS_TeamProject2023/TeamProject/2023TeamProject.srcs/constrs_1/new/top.xdc]. These constraints will be ignored for synthesis but will be used in implementation. Impacted constraints are listed in the file [.Xil/top_propImpl.xdc].
Resolution: To avoid this warning, move constraints listed in [.Xil/top_propImpl.xdc] to another XDC file and exclude this new file from synthesis with the used_in_synthesis property (File Properties dialog in GUI) and re-run elaboration/synthesis.
Completed Processing XDC Constraints

Netlist sorting complete. Time (s): cpu = 00:00:00 ; elapsed = 00:00:00 . Memory (MB): peak = 1393.438 ; gain = 0.000
INFO: [Project 1-111] Unisim Transformation Summary:
No Unisim elements were transformed.

Constraint Validation Runtime : Time (s): cpu = 00:00:00 ; elapsed = 00:00:00.006 . Memory (MB): peak = 1393.438 ; gain = 0.000
INFO: [Designutils 20-5440] No compile time benefit to using incremental synthesis; A full resynthesis will be run
INFO: [Designutils 20-4379] Flow is switching to default flow due to incremental criteria not met. If you would like to alter this behaviour and have the flow terminate instead, please set the following parameter config_implementation {autoIncr.Synth.RejectBehavior Terminate}
INFO: [Synth 8-11241] undeclared symbol 'REGCCE', assumed default net type 'wire' [D:/Xilinx/Vivado/2022.2/data/verilog/src/unimacro/BRAM_SINGLE_MACRO.v:2170]
---------------------------------------------------------------------------------
Finished Constraint Validation : Time (s): cpu = 00:00:18 ; elapsed = 00:00:19 . Memory (MB): peak = 1393.438 ; gain = 556.453
---------------------------------------------------------------------------------
---------------------------------------------------------------------------------
Start Loading Part and Timing Information
---------------------------------------------------------------------------------
Loading part: xc7z020clg484-1
---------------------------------------------------------------------------------
Finished Loading Part and Timing Information : Time (s): cpu = 00:00:18 ; elapsed = 00:00:19 . Memory (MB): peak = 1393.438 ; gain = 556.453
---------------------------------------------------------------------------------
---------------------------------------------------------------------------------
Start Applying 'set_property' XDC Constraints
---------------------------------------------------------------------------------
Applied set_property IO_BUFFER_TYPE = NONE for clk_100mhz. (constraint file  d:/Xilinx/DS/DS_TeamProject2023/TeamProject/2023TeamProject.gen/sources_1/ip/clk_wiz_0/clk_wiz_0/clk_wiz_0_in_context.xdc, line 3).
Applied set_property CLOCK_BUFFER_TYPE = NONE for clk_100mhz. (constraint file  d:/Xilinx/DS/DS_TeamProject2023/TeamProject/2023TeamProject.gen/sources_1/ip/clk_wiz_0/clk_wiz_0/clk_wiz_0_in_context.xdc, line 4).
Applied set_property KEEP_HIERARCHY = SOFT for clk_inst. (constraint file  auto generated constraint).
---------------------------------------------------------------------------------
Finished applying 'set_property' XDC Constraints : Time (s): cpu = 00:00:18 ; elapsed = 00:00:19 . Memory (MB): peak = 1393.438 ; gain = 556.453
---------------------------------------------------------------------------------
---------------------------------------------------------------------------------
Finished RTL Optimization Phase 2 : Time (s): cpu = 00:00:19 ; elapsed = 00:00:21 . Memory (MB): peak = 1393.438 ; gain = 556.453
---------------------------------------------------------------------------------
---------------------------------------------------------------------------------
Start RTL Component Statistics 
---------------------------------------------------------------------------------
Detailed RTL Component Info : 
+---Adders : 
	   2 Input   32 Bit       Adders := 1     
	   2 Input   10 Bit       Adders := 2     
	   2 Input    4 Bit       Adders := 2     
	   2 Input    3 Bit       Adders := 1     
	   2 Input    2 Bit       Adders := 1     
+---Registers : 
	               10 Bit    Registers := 2     
	                5 Bit    Registers := 5     
	                4 Bit    Registers := 3     
	                2 Bit    Registers := 2     
	                1 Bit    Registers := 1     
+---Muxes : 
	  10 Input   32 Bit        Muxes := 1     
	   2 Input   32 Bit        Muxes := 1     
	   2 Input   10 Bit        Muxes := 2     
	   4 Input    7 Bit        Muxes := 1     
	  12 Input    7 Bit        Muxes := 1     
	   2 Input    7 Bit        Muxes := 1     
	   5 Input    7 Bit        Muxes := 1     
	   4 Input    5 Bit        Muxes := 4     
	   5 Input    5 Bit        Muxes := 1     
	   2 Input    5 Bit        Muxes := 1     
	   4 Input    4 Bit        Muxes := 1     
	   2 Input    4 Bit        Muxes := 11    
	  10 Input    4 Bit        Muxes := 1     
	   5 Input    3 Bit        Muxes := 2     
	   2 Input    3 Bit        Muxes := 3     
	   4 Input    3 Bit        Muxes := 1     
	  16 Input    3 Bit        Muxes := 1     
	   4 Input    2 Bit        Muxes := 3     
	   2 Input    2 Bit        Muxes := 3     
	   3 Input    2 Bit        Muxes := 1     
	   8 Input    1 Bit        Muxes := 1     
	   2 Input    1 Bit        Muxes := 11    
	   4 Input    1 Bit        Muxes := 5     
	  10 Input    1 Bit        Muxes := 2     
	   5 Input    1 Bit        Muxes := 1     
---------------------------------------------------------------------------------
Finished RTL Component Statistics 
---------------------------------------------------------------------------------
---------------------------------------------------------------------------------
Start Part Resource Summary
---------------------------------------------------------------------------------
Part Resources:
DSPs: 220 (col length:60)
BRAMs: 280 (col length: RAMB18 60 RAMB36 30)
---------------------------------------------------------------------------------
Finished Part Resource Summary
---------------------------------------------------------------------------------
---------------------------------------------------------------------------------
Start Cross Boundary and Area Optimization
---------------------------------------------------------------------------------
WARNING: [Synth 8-7080] Parallel synthesis criteria is not met
WARNING: [Synth 8-7129] Port btn[1] in module top is either unconnected or has no load
WARNING: [Synth 8-7129] Port btn[0] in module top is either unconnected or has no load
---------------------------------------------------------------------------------
Finished Cross Boundary and Area Optimization : Time (s): cpu = 00:00:36 ; elapsed = 00:00:38 . Memory (MB): peak = 1393.438 ; gain = 556.453
---------------------------------------------------------------------------------
---------------------------------------------------------------------------------
Start ROM, RAM, DSP, Shift Register and Retiming Reporting
---------------------------------------------------------------------------------

ROM: Preliminary Mapping Report
+-------------+---------------------------------+---------------+----------------+
|Module Name  | RTL Object                      | Depth x Width | Implemented As | 
+-------------+---------------------------------+---------------+----------------+
|font_rom_vhd | ROM[0]                          | 2048x8        | LUT            | 
|top          | graph_inst/font_rom_inst/ROM[0] | 2048x8        | LUT            | 
+-------------+---------------------------------+---------------+----------------+

---------------------------------------------------------------------------------
Finished ROM, RAM, DSP, Shift Register and Retiming Reporting
---------------------------------------------------------------------------------
---------------------------------------------------------------------------------
Start Applying XDC Timing Constraints
---------------------------------------------------------------------------------
---------------------------------------------------------------------------------
Finished Applying XDC Timing Constraints : Time (s): cpu = 00:00:43 ; elapsed = 00:00:45 . Memory (MB): peak = 1393.438 ; gain = 556.453
---------------------------------------------------------------------------------
---------------------------------------------------------------------------------
Start Timing Optimization
---------------------------------------------------------------------------------
---------------------------------------------------------------------------------
Finished Timing Optimization : Time (s): cpu = 00:00:45 ; elapsed = 00:00:47 . Memory (MB): peak = 1393.438 ; gain = 556.453
---------------------------------------------------------------------------------
---------------------------------------------------------------------------------
Start Technology Mapping
---------------------------------------------------------------------------------
---------------------------------------------------------------------------------
Finished Technology Mapping : Time (s): cpu = 00:00:45 ; elapsed = 00:00:47 . Memory (MB): peak = 1393.438 ; gain = 556.453
---------------------------------------------------------------------------------
---------------------------------------------------------------------------------
Start IO Insertion
---------------------------------------------------------------------------------
---------------------------------------------------------------------------------
Start Flattening Before IO Insertion
---------------------------------------------------------------------------------
---------------------------------------------------------------------------------
Finished Flattening Before IO Insertion
---------------------------------------------------------------------------------
---------------------------------------------------------------------------------
Start Final Netlist Cleanup
---------------------------------------------------------------------------------
---------------------------------------------------------------------------------
Finished Final Netlist Cleanup
---------------------------------------------------------------------------------
---------------------------------------------------------------------------------
Finished IO Insertion : Time (s): cpu = 00:00:52 ; elapsed = 00:00:53 . Memory (MB): peak = 1393.438 ; gain = 556.453
---------------------------------------------------------------------------------
---------------------------------------------------------------------------------
Start Renaming Generated Instances
---------------------------------------------------------------------------------
---------------------------------------------------------------------------------
Finished Renaming Generated Instances : Time (s): cpu = 00:00:52 ; elapsed = 00:00:53 . Memory (MB): peak = 1393.438 ; gain = 556.453
---------------------------------------------------------------------------------
---------------------------------------------------------------------------------
Start Rebuilding User Hierarchy
---------------------------------------------------------------------------------
---------------------------------------------------------------------------------
Finished Rebuilding User Hierarchy : Time (s): cpu = 00:00:52 ; elapsed = 00:00:53 . Memory (MB): peak = 1393.438 ; gain = 556.453
---------------------------------------------------------------------------------
---------------------------------------------------------------------------------
Start Renaming Generated Ports
---------------------------------------------------------------------------------
---------------------------------------------------------------------------------
Finished Renaming Generated Ports : Time (s): cpu = 00:00:52 ; elapsed = 00:00:53 . Memory (MB): peak = 1393.438 ; gain = 556.453
---------------------------------------------------------------------------------
---------------------------------------------------------------------------------
Start Handling Custom Attributes
---------------------------------------------------------------------------------
---------------------------------------------------------------------------------
Finished Handling Custom Attributes : Time (s): cpu = 00:00:52 ; elapsed = 00:00:53 . Memory (MB): peak = 1393.438 ; gain = 556.453
---------------------------------------------------------------------------------
---------------------------------------------------------------------------------
Start Renaming Generated Nets
---------------------------------------------------------------------------------
---------------------------------------------------------------------------------
Finished Renaming Generated Nets : Time (s): cpu = 00:00:52 ; elapsed = 00:00:53 . Memory (MB): peak = 1393.438 ; gain = 556.453
---------------------------------------------------------------------------------
---------------------------------------------------------------------------------
Start Writing Synthesis Report
---------------------------------------------------------------------------------

Report BlackBoxes: 
+------+--------------+----------+
|      |BlackBox name |Instances |
+------+--------------+----------+
|1     |clk_wiz_0     |         1|
+------+--------------+----------+

Report Cell Usage: 
+------+--------+------+
|      |Cell    |Count |
+------+--------+------+
|1     |clk_wiz |     1|
|2     |CARRY4  |    12|
|3     |LUT1    |     2|
|4     |LUT2    |    41|
|5     |LUT3    |    22|
|6     |LUT4    |    28|
|7     |LUT5    |    48|
|8     |LUT6    |   329|
|9     |MUXF7   |     9|
|10    |FDCE    |    92|
|11    |IBUF    |     5|
|12    |OBUF    |    18|
+------+--------+------+
---------------------------------------------------------------------------------
Finished Writing Synthesis Report : Time (s): cpu = 00:00:52 ; elapsed = 00:00:53 . Memory (MB): peak = 1393.438 ; gain = 556.453
---------------------------------------------------------------------------------
Synthesis finished with 0 errors, 0 critical warnings and 3 warnings.
Synthesis Optimization Runtime : Time (s): cpu = 00:00:41 ; elapsed = 00:00:51 . Memory (MB): peak = 1393.438 ; gain = 509.738
Synthesis Optimization Complete : Time (s): cpu = 00:00:52 ; elapsed = 00:00:54 . Memory (MB): peak = 1393.438 ; gain = 556.453
INFO: [Project 1-571] Translating synthesized netlist
Netlist sorting complete. Time (s): cpu = 00:00:00 ; elapsed = 00:00:00.007 . Memory (MB): peak = 1401.934 ; gain = 0.000
INFO: [Netlist 29-17] Analyzing 21 Unisim elements for replacement
INFO: [Netlist 29-28] Unisim Transformation completed in 0 CPU seconds
INFO: [Project 1-570] Preparing netlist for logic optimization
INFO: [Opt 31-138] Pushed 0 inverter(s) to 0 load pin(s).
Netlist sorting complete. Time (s): cpu = 00:00:00 ; elapsed = 00:00:00 . Memory (MB): peak = 1405.605 ; gain = 0.000
INFO: [Project 1-111] Unisim Transformation Summary:
No Unisim elements were transformed.

Synth Design complete, checksum: 9536cf4
INFO: [Common 17-83] Releasing license: Synthesis
38 Infos, 17 Warnings, 0 Critical Warnings and 0 Errors encountered.
synth_design completed successfully
synth_design: Time (s): cpu = 00:00:58 ; elapsed = 00:01:02 . Memory (MB): peak = 1405.605 ; gain = 973.730
INFO: [Common 17-1381] The checkpoint 'D:/Xilinx/DS/DS_TeamProject2023/TeamProject/2023TeamProject.runs/synth_1/top.dcp' has been generated.
INFO: [runtcl-4] Executing : report_utilization -file top_utilization_synth.rpt -pb top_utilization_synth.pb
INFO: [Common 17-206] Exiting Vivado at Fri Nov 24 17:16:28 2023...
